{"/Users/benjaminsureau/Code/fullstackopen/part5/bloglist-frontend/src/components/Blog.jsx": {"path":"/Users/benjaminsureau/Code/fullstackopen/part5/bloglist-frontend/src/components/Blog.jsx","statementMap":{"0":{"start":{"line":4,"column":18},"end":{"line":10,"column":1}},"1":{"start":{"line":13,"column":13},"end":{"line":34,"column":1}},"2":{"start":{"line":20,"column":2},"end":{"line":33,"column":3}},"3":{"start":{"line":26,"column":55},"end":{"line":26,"column":68}},"4":{"start":{"line":28,"column":37},"end":{"line":28,"column":53}}},"fnMap":{"0":{"name":"(anonymous_0)","decl":{"start":{"line":13,"column":13},"end":{"line":13,"column":14}},"loc":{"start":{"line":18,"column":6},"end":{"line":34,"column":1}},"line":18},"1":{"name":"(anonymous_1)","decl":{"start":{"line":26,"column":47},"end":{"line":26,"column":48}},"loc":{"start":{"line":26,"column":53},"end":{"line":26,"column":70}},"line":26},"2":{"name":"(anonymous_2)","decl":{"start":{"line":28,"column":29},"end":{"line":28,"column":30}},"loc":{"start":{"line":28,"column":35},"end":{"line":28,"column":55}},"line":28}},"branchMap":{"0":{"loc":{"start":{"line":27,"column":11},"end":{"line":28,"column":72}},"type":"binary-expr","locations":[{"start":{"line":27,"column":11},"end":{"line":27,"column":15}},{"start":{"line":27,"column":19},"end":{"line":27,"column":44}},{"start":{"line":28,"column":12},"end":{"line":28,"column":72}}],"line":27}},"s":{"0":1,"1":1,"2":3,"3":2,"4":0},"f":{"0":3,"1":2,"2":0},"b":{"0":[3,0,0]},"_coverageSchema":"1a1c01bbd47fc00a2c39e90264f33305004495a9","hash":"8f2e231eefd998dee052cd6fa0331ab444385f40"}
,"/Users/benjaminsureau/Code/fullstackopen/part5/bloglist-frontend/src/components/BlogForm.jsx": {"path":"/Users/benjaminsureau/Code/fullstackopen/part5/bloglist-frontend/src/components/BlogForm.jsx","statementMap":{"0":{"start":{"line":4,"column":20},"end":{"line":49,"column":1}},"1":{"start":{"line":6,"column":30},"end":{"line":6,"column":42}},"2":{"start":{"line":7,"column":32},"end":{"line":7,"column":44}},"3":{"start":{"line":8,"column":26},"end":{"line":8,"column":38}},"4":{"start":{"line":9,"column":44},"end":{"line":9,"column":58}},"5":{"start":{"line":10,"column":48},"end":{"line":10,"column":62}},"6":{"start":{"line":12,"column":32},"end":{"line":25,"column":5}},"7":{"start":{"line":13,"column":8},"end":{"line":24,"column":9}},"8":{"start":{"line":14,"column":12},"end":{"line":14,"column":34}},"9":{"start":{"line":15,"column":12},"end":{"line":15,"column":45}},"10":{"start":{"line":16,"column":12},"end":{"line":16,"column":61}},"11":{"start":{"line":17,"column":12},"end":{"line":17,"column":61}},"12":{"start":{"line":17,"column":31},"end":{"line":17,"column":52}},"13":{"start":{"line":18,"column":12},"end":{"line":18,"column":24}},"14":{"start":{"line":19,"column":12},"end":{"line":19,"column":25}},"15":{"start":{"line":20,"column":12},"end":{"line":20,"column":22}},"16":{"start":{"line":22,"column":12},"end":{"line":22,"column":56}},"17":{"start":{"line":23,"column":12},"end":{"line":23,"column":59}},"18":{"start":{"line":23,"column":31},"end":{"line":23,"column":50}},"19":{"start":{"line":27,"column":4},"end":{"line":48,"column":5}},"20":{"start":{"line":35,"column":119},"end":{"line":35,"column":141}},"21":{"start":{"line":39,"column":122},"end":{"line":39,"column":145}},"22":{"start":{"line":43,"column":113},"end":{"line":43,"column":133}}},"fnMap":{"0":{"name":"(anonymous_0)","decl":{"start":{"line":4,"column":20},"end":{"line":4,"column":21}},"loc":{"start":{"line":4,"column":37},"end":{"line":49,"column":1}},"line":4},"1":{"name":"(anonymous_1)","decl":{"start":{"line":12,"column":32},"end":{"line":12,"column":33}},"loc":{"start":{"line":12,"column":49},"end":{"line":25,"column":5}},"line":12},"2":{"name":"(anonymous_2)","decl":{"start":{"line":17,"column":23},"end":{"line":17,"column":24}},"loc":{"start":{"line":17,"column":29},"end":{"line":17,"column":54}},"line":17},"3":{"name":"(anonymous_3)","decl":{"start":{"line":23,"column":23},"end":{"line":23,"column":24}},"loc":{"start":{"line":23,"column":29},"end":{"line":23,"column":52}},"line":23},"4":{"name":"(anonymous_4)","decl":{"start":{"line":35,"column":101},"end":{"line":35,"column":102}},"loc":{"start":{"line":35,"column":117},"end":{"line":35,"column":143}},"line":35},"5":{"name":"(anonymous_5)","decl":{"start":{"line":39,"column":104},"end":{"line":39,"column":105}},"loc":{"start":{"line":39,"column":120},"end":{"line":39,"column":147}},"line":39},"6":{"name":"(anonymous_6)","decl":{"start":{"line":43,"column":95},"end":{"line":43,"column":96}},"loc":{"start":{"line":43,"column":111},"end":{"line":43,"column":135}},"line":43}},"branchMap":{"0":{"loc":{"start":{"line":30,"column":13},"end":{"line":30,"column":59}},"type":"binary-expr","locations":[{"start":{"line":30,"column":13},"end":{"line":30,"column":34}},{"start":{"line":30,"column":38},"end":{"line":30,"column":59}}],"line":30},"1":{"loc":{"start":{"line":31,"column":13},"end":{"line":31,"column":63}},"type":"binary-expr","locations":[{"start":{"line":31,"column":13},"end":{"line":31,"column":36}},{"start":{"line":31,"column":40},"end":{"line":31,"column":63}}],"line":31}},"s":{"0":1,"1":44,"2":44,"3":44,"4":44,"5":44,"6":44,"7":1,"8":1,"9":1,"10":1,"11":1,"12":0,"13":1,"14":1,"15":1,"16":0,"17":0,"18":0,"19":44,"20":10,"21":11,"22":21},"f":{"0":44,"1":1,"2":0,"3":0,"4":10,"5":11,"6":21},"b":{"0":[44,0],"1":[44,1]},"_coverageSchema":"1a1c01bbd47fc00a2c39e90264f33305004495a9","hash":"c7c0722be1af513369ae3f096c7c552302456c70"}
,"/Users/benjaminsureau/Code/fullstackopen/part5/bloglist-frontend/src/components/Togglable.jsx": {"path":"/Users/benjaminsureau/Code/fullstackopen/part5/bloglist-frontend/src/components/Togglable.jsx","statementMap":{"0":{"start":{"line":3,"column":18},"end":{"line":26,"column":1}},"1":{"start":{"line":9,"column":33},"end":{"line":9,"column":48}},"2":{"start":{"line":11,"column":29},"end":{"line":13,"column":5}},"3":{"start":{"line":12,"column":8},"end":{"line":12,"column":27}},"4":{"start":{"line":15,"column":4},"end":{"line":25,"column":5}}},"fnMap":{"0":{"name":"(anonymous_0)","decl":{"start":{"line":3,"column":18},"end":{"line":3,"column":19}},"loc":{"start":{"line":7,"column":6},"end":{"line":26,"column":1}},"line":7},"1":{"name":"(anonymous_1)","decl":{"start":{"line":11,"column":29},"end":{"line":11,"column":30}},"loc":{"start":{"line":11,"column":35},"end":{"line":13,"column":5}},"line":11}},"branchMap":{"0":{"loc":{"start":{"line":17,"column":36},"end":{"line":17,"column":58}},"type":"cond-expr","locations":[{"start":{"line":17,"column":47},"end":{"line":17,"column":49}},{"start":{"line":17,"column":52},"end":{"line":17,"column":58}}],"line":17},"1":{"loc":{"start":{"line":20,"column":35},"end":{"line":20,"column":56}},"type":"cond-expr","locations":[{"start":{"line":20,"column":45},"end":{"line":20,"column":47}},{"start":{"line":20,"column":50},"end":{"line":20,"column":56}}],"line":20}},"s":{"0":1,"1":5,"2":5,"3":2,"4":5},"f":{"0":5,"1":2},"b":{"0":[3,2],"1":[2,3]},"_coverageSchema":"1a1c01bbd47fc00a2c39e90264f33305004495a9","hash":"8ea17fcd4a4794a73cbc034890df45e5fc7bf731"}
,"/Users/benjaminsureau/Code/fullstackopen/part5/bloglist-frontend/src/services/blogs.js": {"path":"/Users/benjaminsureau/Code/fullstackopen/part5/bloglist-frontend/src/services/blogs.js","statementMap":{"0":{"start":{"line":2,"column":16},"end":{"line":2,"column":28}},"1":{"start":{"line":4,"column":12},"end":{"line":4,"column":16}},"2":{"start":{"line":6,"column":17},"end":{"line":8,"column":1}},"3":{"start":{"line":7,"column":2},"end":{"line":7,"column":19}},"4":{"start":{"line":10,"column":15},"end":{"line":13,"column":1}},"5":{"start":{"line":11,"column":18},"end":{"line":11,"column":36}},"6":{"start":{"line":12,"column":2},"end":{"line":12,"column":48}},"7":{"start":{"line":12,"column":34},"end":{"line":12,"column":47}},"8":{"start":{"line":15,"column":15},"end":{"line":18,"column":1}},"9":{"start":{"line":16,"column":19},"end":{"line":16,"column":101}},"10":{"start":{"line":17,"column":2},"end":{"line":17,"column":22}},"11":{"start":{"line":20,"column":16},"end":{"line":22,"column":1}},"12":{"start":{"line":21,"column":2},"end":{"line":21,"column":41}},"13":{"start":{"line":24,"column":19},"end":{"line":26,"column":1}},"14":{"start":{"line":25,"column":2},"end":{"line":25,"column":95}}},"fnMap":{"0":{"name":"(anonymous_0)","decl":{"start":{"line":6,"column":17},"end":{"line":6,"column":18}},"loc":{"start":{"line":6,"column":32},"end":{"line":8,"column":1}},"line":6},"1":{"name":"(anonymous_1)","decl":{"start":{"line":10,"column":15},"end":{"line":10,"column":16}},"loc":{"start":{"line":10,"column":21},"end":{"line":13,"column":1}},"line":10},"2":{"name":"(anonymous_2)","decl":{"start":{"line":12,"column":22},"end":{"line":12,"column":23}},"loc":{"start":{"line":12,"column":34},"end":{"line":12,"column":47}},"line":12},"3":{"name":"(anonymous_3)","decl":{"start":{"line":15,"column":15},"end":{"line":15,"column":16}},"loc":{"start":{"line":15,"column":31},"end":{"line":18,"column":1}},"line":15},"4":{"name":"(anonymous_4)","decl":{"start":{"line":20,"column":16},"end":{"line":20,"column":17}},"loc":{"start":{"line":20,"column":34},"end":{"line":22,"column":1}},"line":20},"5":{"name":"(anonymous_5)","decl":{"start":{"line":24,"column":19},"end":{"line":24,"column":20}},"loc":{"start":{"line":24,"column":37},"end":{"line":26,"column":1}},"line":24}},"branchMap":{},"s":{"0":1,"1":1,"2":1,"3":0,"4":1,"5":0,"6":0,"7":0,"8":1,"9":0,"10":0,"11":1,"12":0,"13":1,"14":0},"f":{"0":0,"1":0,"2":0,"3":0,"4":0,"5":0},"b":{},"_coverageSchema":"1a1c01bbd47fc00a2c39e90264f33305004495a9","hash":"79cd5b24ee88677e90b7509d48e342dd993c9283"}
}
