TN:
SF:src/components/Blog.jsx
FN:13,(anonymous_0)
FN:26,(anonymous_1)
FN:28,(anonymous_2)
FNF:3
FNH:2
FNDA:3,(anonymous_0)
FNDA:2,(anonymous_1)
FNDA:0,(anonymous_2)
DA:4,1
DA:13,1
DA:20,3
DA:26,2
DA:28,0
LF:5
LH:4
BRDA:27,0,0,3
BRDA:27,0,1,0
BRDA:27,0,2,0
BRF:3
BRH:1
end_of_record
TN:
SF:src/components/BlogForm.jsx
FN:4,(anonymous_0)
FN:12,(anonymous_1)
FN:17,(anonymous_2)
FN:23,(anonymous_3)
FN:35,(anonymous_4)
FN:39,(anonymous_5)
FN:43,(anonymous_6)
FNF:7
FNH:5
FNDA:44,(anonymous_0)
FNDA:1,(anonymous_1)
FNDA:0,(anonymous_2)
FNDA:0,(anonymous_3)
FNDA:10,(anonymous_4)
FNDA:11,(anonymous_5)
FNDA:21,(anonymous_6)
DA:4,1
DA:6,44
DA:7,44
DA:8,44
DA:9,44
DA:10,44
DA:12,44
DA:13,1
DA:14,1
DA:15,1
DA:16,1
DA:17,1
DA:18,1
DA:19,1
DA:20,1
DA:22,0
DA:23,0
DA:27,44
DA:35,10
DA:39,11
DA:43,21
LF:21
LH:19
BRDA:30,0,0,44
BRDA:30,0,1,0
BRDA:31,1,0,44
BRDA:31,1,1,1
BRF:4
BRH:3
end_of_record
TN:
SF:src/components/Togglable.jsx
FN:3,(anonymous_0)
FN:11,(anonymous_1)
FNF:2
FNH:2
FNDA:5,(anonymous_0)
FNDA:2,(anonymous_1)
DA:3,1
DA:9,5
DA:11,5
DA:12,2
DA:15,5
LF:5
LH:5
BRDA:17,0,0,3
BRDA:17,0,1,2
BRDA:20,1,0,2
BRDA:20,1,1,3
BRF:4
BRH:4
end_of_record
TN:
SF:src/services/blogs.js
FN:6,(anonymous_0)
FN:10,(anonymous_1)
FN:12,(anonymous_2)
FN:15,(anonymous_3)
FN:20,(anonymous_4)
FN:24,(anonymous_5)
FNF:6
FNH:0
FNDA:0,(anonymous_0)
FNDA:0,(anonymous_1)
FNDA:0,(anonymous_2)
FNDA:0,(anonymous_3)
FNDA:0,(anonymous_4)
FNDA:0,(anonymous_5)
DA:2,1
DA:4,1
DA:6,1
DA:7,0
DA:10,1
DA:11,0
DA:12,0
DA:15,1
DA:16,0
DA:17,0
DA:20,1
DA:21,0
DA:24,1
DA:25,0
LF:14
LH:7
BRF:0
BRH:0
end_of_record
